<?xml version="1.0" encoding="UTF-8"?>
<!-- Generated by org.testng.reporters.JUnitReportReporter -->
<testsuite hostname="WIN" failures="0" tests="1" name="automation.testsuite.LoginTest" time="2.232" errors="0" timestamp="2023-12-06T15:13:34 ICT" skipped="0">
  <testcase classname="automation.testsuite.LoginTest" name="login" time="2.232"/>
  <system-out/>
</testsuite> <!-- automation.testsuite.LoginTest -->
