<?xml version="1.0" encoding="UTF-8"?>
<!-- Generated by org.testng.reporters.JUnitReportReporter -->
<testsuite hostname="WIN" failures="0" tests="5" name="automation.testsuite.Projects_Test" time="34.884" errors="0" timestamp="2023-12-07T21:28:54 ICT" skipped="0">
  <testcase classname="automation.testsuite.Projects_Test" name="login" time="2.248"/>
  <system-out/>
  <testcase classname="automation.testsuite.Projects_Test" name="addProject" time="11.444"/>
  <system-out/>
  <testcase classname="automation.testsuite.Projects_Test" name="filter" time="5.111"/>
  <system-out/>
  <testcase classname="automation.testsuite.Projects_Test" name="clear_Filter" time="4.256"/>
  <system-out/>
  <testcase classname="automation.testsuite.Projects_Test" name="findData" time="11.825"/>
  <system-out/>
</testsuite> <!-- automation.testsuite.Projects_Test -->
