<?xml version="1.0" encoding="UTF-8"?>
<!-- Generated by org.testng.reporters.JUnitReportReporter -->
<testsuite hostname="WIN" failures="0" tests="1" name="automation.testsuite.RoundTrip_Test" time="9.077" errors="0" timestamp="2023-12-07T11:47:38 ICT" skipped="0">
  <testcase classname="automation.testsuite.RoundTrip_Test" name="roundTrip" time="9.077"/>
  <system-out/>
</testsuite> <!-- automation.testsuite.RoundTrip_Test -->
