<?xml version="1.0" encoding="UTF-8"?>
<!-- Generated by org.testng.reporters.JUnitReportReporter -->
<testsuite hostname="WIN" failures="0" tests="1" name="automation.testsuite.OneWay_Test" time="5.786" errors="0" timestamp="2023-12-05T00:31:03 ICT" skipped="0">
  <testcase classname="automation.testsuite.OneWay_Test" name="oneWay" time="5.786"/>
  <system-out/>
</testsuite> <!-- automation.testsuite.OneWay_Test -->
