<?xml version="1.0" encoding="UTF-8"?>
<!-- Generated by org.testng.reporters.JUnitReportReporter -->
<testsuite hostname="WIN" failures="0" tests="1" name="automation.testsuite.MultiCity_Test" time="11.932" errors="0" timestamp="2023-12-05T23:13:06 ICT" skipped="0">
  <testcase classname="automation.testsuite.MultiCity_Test" name="multiCity" time="11.932"/>
  <system-out/>
</testsuite> <!-- automation.testsuite.MultiCity_Test -->
