<?xml version="1.0" encoding="UTF-8"?>
<!-- Generated by org.testng.reporters.JUnitReportReporter -->
<testsuite hostname="WIN" failures="0" tests="2" name="automation.testsuite.ViewDetail_RoundTrip_Test" time="10.631" errors="0" timestamp="2023-12-05T10:49:20 ICT" skipped="0">
  <testcase classname="automation.testsuite.ViewDetail_RoundTrip_Test" name="roundTrip" time="9.445"/>
  <system-out/>
  <testcase classname="automation.testsuite.ViewDetail_RoundTrip_Test" name="viewDetail" time="1.186"/>
  <system-out/>
</testsuite> <!-- automation.testsuite.ViewDetail_RoundTrip_Test -->
