<?xml version="1.0" encoding="UTF-8"?>
<!-- Generated by org.testng.reporters.JUnitReportReporter -->
<testsuite hostname="WIN" failures="0" tests="2" name="automation.testsuite.ViewDetail_RoundTrip_Test" time="11.130" errors="0" timestamp="2023-12-05T00:31:03 ICT" skipped="0">
  <testcase classname="automation.testsuite.ViewDetail_RoundTrip_Test" name="roundTrip" time="9.988"/>
  <system-out/>
  <testcase classname="automation.testsuite.ViewDetail_RoundTrip_Test" name="viewDetail" time="1.142"/>
  <system-out/>
</testsuite> <!-- automation.testsuite.ViewDetail_RoundTrip_Test -->
