<?xml version="1.0" encoding="UTF-8"?>
<!-- Generated by org.testng.reporters.JUnitReportReporter -->
<testsuite hostname="WIN" failures="0" tests="2" name="automation.testsuite.ViewDetail_Test" time="10.816" errors="0" timestamp="2023-12-04T15:26:26 ICT" skipped="0">
  <testcase classname="automation.testsuite.ViewDetail_Test" name="roundTrip" time="9.645"/>
  <system-out/>
  <testcase classname="automation.testsuite.ViewDetail_Test" name="viewDetail" time="1.171"/>
  <system-out/>
</testsuite> <!-- automation.testsuite.ViewDetail_Test -->
