<?xml version="1.0" encoding="UTF-8"?>
<!-- Generated by org.testng.reporters.JUnitReportReporter -->
<testsuite hostname="WIN" failures="0" tests="1" name="automation.testsuite.Filter_Test" time="10.511" errors="0" timestamp="2023-12-05T01:26:23 ICT" skipped="0">
  <testcase classname="automation.testsuite.Filter_Test" name="filter" time="10.511"/>
  <system-out/>
</testsuite> <!-- automation.testsuite.Filter_Test -->
