<?xml version="1.0" encoding="UTF-8"?>
<!-- Generated by org.testng.reporters.JUnitReportReporter -->
<testsuite hostname="WIN" failures="0" tests="6" name="automation.testsuite.OrderProduct_Test" time="80.395" errors="0" timestamp="2023-12-05T10:45:39 ICT" skipped="0">
  <testcase classname="automation.testsuite.OrderProduct_Test" name="orderProductSuccess" time="14.011"/>
  <system-out/>
  <testcase classname="automation.testsuite.OrderProduct_Test" name="orderProduc_Fail_BlankHoVaTen" time="13.210"/>
  <system-out/>
  <testcase classname="automation.testsuite.OrderProduct_Test" name="orderProduc_Fail_BlankSDT" time="13.597"/>
  <system-out/>
  <testcase classname="automation.testsuite.OrderProduct_Test" name="orderProduc_Fail_SDT_Invalid" time="13.528"/>
  <system-out/>
  <testcase classname="automation.testsuite.OrderProduct_Test" name="orderProduc_Fail_BlankDiaChi" time="13.081"/>
  <system-out/>
  <testcase classname="automation.testsuite.OrderProduct_Test" name="orderProduc_Fail_BlankAll" time="12.968"/>
  <system-out/>
</testsuite> <!-- automation.testsuite.OrderProduct_Test -->
