<?xml version="1.0" encoding="UTF-8"?>
<!-- Generated by org.testng.reporters.JUnitReportReporter -->
<testsuite hostname="WIN" failures="0" tests="6" name="automation.testsuite.OrderProduct_Test" time="71.376" errors="0" timestamp="2023-12-05T02:18:24 ICT" skipped="0">
  <testcase classname="automation.testsuite.OrderProduct_Test" name="orderProductSuccess" time="12.859"/>
  <system-out/>
  <testcase classname="automation.testsuite.OrderProduct_Test" name="orderProduc_Fail_BlankHoVaTen" time="11.328"/>
  <system-out/>
  <testcase classname="automation.testsuite.OrderProduct_Test" name="orderProduc_Fail_BlankSDT" time="11.298"/>
  <system-out/>
  <testcase classname="automation.testsuite.OrderProduct_Test" name="orderProduc_Fail_SDT_Invalid" time="11.754"/>
  <system-out/>
  <testcase classname="automation.testsuite.OrderProduct_Test" name="orderProduc_Fail_BlankDiaChi" time="12.321"/>
  <system-out/>
  <testcase classname="automation.testsuite.OrderProduct_Test" name="orderProduc_Fail_BlankAll" time="11.816"/>
  <system-out/>
</testsuite> <!-- automation.testsuite.OrderProduct_Test -->
